<?xml version="1.0" encoding="UTF-8"?>
<testng-results skipped="0" failed="0" total="1" passed="1">
  <reporter-output>
  </reporter-output>
  <suite name="Suite" duration-ms="80169" started-at="2018-05-03T12:14:45Z" finished-at="2018-05-03T12:16:05Z">
    <groups>
    </groups>
    <test name="Test" duration-ms="80169" started-at="2018-05-03T12:14:45Z" finished-at="2018-05-03T12:16:05Z">
      <class name="testCases.TC001_DocumentSearch">
        <test-method status="PASS" signature="beforeSuite()[pri:0, instance:testCases.TC001_DocumentSearch@617faa95]" name="beforeSuite" is-config="true" duration-ms="141" started-at="2018-05-03T17:44:45Z" finished-at="2018-05-03T17:44:45Z">
          <reporter-output>
          </reporter-output>
        </test-method> <!-- beforeSuite -->
        <test-method status="PASS" signature="beforeTest()[pri:0, instance:testCases.TC001_DocumentSearch@617faa95]" name="beforeTest" is-config="true" duration-ms="0" started-at="2018-05-03T17:44:45Z" finished-at="2018-05-03T17:44:45Z">
          <reporter-output>
          </reporter-output>
        </test-method> <!-- beforeTest -->
        <test-method status="PASS" signature="setData()[pri:0, instance:testCases.TC001_DocumentSearch@617faa95]" name="setData" is-config="true" duration-ms="0" started-at="2018-05-03T17:44:45Z" finished-at="2018-05-03T17:44:45Z">
          <reporter-output>
          </reporter-output>
        </test-method> <!-- setData -->
        <test-method status="PASS" signature="beforeMethod()[pri:0, instance:testCases.TC001_DocumentSearch@617faa95]" name="beforeMethod" is-config="true" duration-ms="3770" started-at="2018-05-03T17:44:45Z" finished-at="2018-05-03T17:44:49Z">
          <reporter-output>
          </reporter-output>
        </test-method> <!-- beforeMethod -->
        <test-method status="PASS" signature="DocumentSearch(java.lang.String, java.lang.String, java.lang.String, java.lang.String)[pri:0, instance:testCases.TC001_DocumentSearch@617faa95]" name="DocumentSearch" duration-ms="73754" started-at="2018-05-03T17:44:49Z" data-provider="fetchData" finished-at="2018-05-03T17:46:03Z">
          <params>
            <param index="0">
              <value>
                <![CDATA[https://staging.standardregister.com/NIH/Login.aspx]]>
              </value>
            </param>
            <param index="1">
              <value>
                <![CDATA[b_murugesan]]>
              </value>
            </param>
            <param index="2">
              <value>
                <![CDATA[allizwell@24]]>
              </value>
            </param>
            <param index="3">
              <value>
                <![CDATA[sim]]>
              </value>
            </param>
          </params>
          <reporter-output>
          </reporter-output>
        </test-method> <!-- DocumentSearch -->
        <test-method status="PASS" signature="afterMethod()[pri:0, instance:testCases.TC001_DocumentSearch@617faa95]" name="afterMethod" is-config="true" duration-ms="2310" started-at="2018-05-03T17:46:03Z" finished-at="2018-05-03T17:46:05Z">
          <reporter-output>
          </reporter-output>
        </test-method> <!-- afterMethod -->
        <test-method status="PASS" signature="afterTest()[pri:0, instance:testCases.TC001_DocumentSearch@617faa95]" name="afterTest" is-config="true" duration-ms="0" started-at="2018-05-03T17:46:05Z" finished-at="2018-05-03T17:46:05Z">
          <reporter-output>
          </reporter-output>
        </test-method> <!-- afterTest -->
        <test-method status="PASS" signature="afterSuite()[pri:0, instance:testCases.TC001_DocumentSearch@617faa95]" name="afterSuite" is-config="true" duration-ms="161" started-at="2018-05-03T17:46:05Z" finished-at="2018-05-03T17:46:05Z">
          <reporter-output>
          </reporter-output>
        </test-method> <!-- afterSuite -->
      </class> <!-- testCases.TC001_DocumentSearch -->
    </test> <!-- Test -->
  </suite> <!-- Suite -->
</testng-results>
